<?xml version="1.0" encoding="UTF-8"?>
<testng-results skipped="0" failed="0" ignored="0" total="1" passed="1">
  <reporter-output>
  </reporter-output>
  <suite name="Default suite" duration-ms="43955" started-at="2017-08-30T18:47:12Z" finished-at="2017-08-30T18:47:56Z">
    <groups>
    </groups>
    <test name="Default test" duration-ms="43955" started-at="2017-08-30T18:47:12Z" finished-at="2017-08-30T18:47:56Z">
      <class name="com.org.learningMaven.PracticeGit_Jenkins_Maven.Sample">
        <test-method status="PASS" signature="getPractive()[pri:0, instance:com.org.learningMaven.PracticeGit_Jenkins_Maven.Sample@1474f18]" name="getPractive" duration-ms="43688" started-at="2017-08-31T00:17:12Z" finished-at="2017-08-31T00:17:56Z">
          <reporter-output>
          </reporter-output>
        </test-method> <!-- getPractive -->
      </class> <!-- com.org.learningMaven.PracticeGit_Jenkins_Maven.Sample -->
    </test> <!-- Default test -->
  </suite> <!-- Default suite -->
</testng-results>
